<?xml version="1.0" encoding="UTF-8"?>
<testsuite xmlns:xsi="http://www.w3.org/2001/XMLSchema-instance" xsi:noNamespaceSchemaLocation="https://maven.apache.org/surefire/maven-surefire-plugin/xsd/surefire-test-report.xsd" name="test.RiderTests" time="0.144" tests="5" errors="0" skipped="0" failures="1">
  <properties>
    <property name="gopherProxySet" value="false"/>
    <property name="awt.toolkit" value="sun.lwawt.macosx.LWCToolkit"/>
    <property name="java.specification.version" value="11"/>
    <property name="sun.cpu.isalist" value=""/>
    <property name="sun.jnu.encoding" value="UTF-8"/>
    <property name="java.class.path" value="/Users/nbugliot/Documents/Facultad/Algoritmos-3/7507-TP2/target/test-classes:/Users/nbugliot/Documents/Facultad/Algoritmos-3/7507-TP2/target/classes:/Users/nbugliot/.m2/repository/org/openjfx/javafx-controls/11/javafx-controls-11.jar:/Users/nbugliot/.m2/repository/org/openjfx/javafx-controls/11/javafx-controls-11-mac.jar:/Users/nbugliot/.m2/repository/org/openjfx/javafx-graphics/11/javafx-graphics-11.jar:/Users/nbugliot/.m2/repository/org/openjfx/javafx-media/11/javafx-media-11-win.jar:/Users/nbugliot/.m2/repository/org/openjfx/javafx-media/11/javafx-media-11-mac.jar:/Users/nbugliot/.m2/repository/org/openjfx/javafx-media/11/javafx-media-11-linux.jar:/Users/nbugliot/.m2/repository/org/openjfx/javafx-graphics/11/javafx-graphics-11-win.jar:/Users/nbugliot/.m2/repository/org/openjfx/javafx-base/11/javafx-base-11.jar:/Users/nbugliot/.m2/repository/org/openjfx/javafx-base/11/javafx-base-11-mac.jar:/Users/nbugliot/.m2/repository/org/openjfx/javafx-graphics/11/javafx-graphics-11-mac.jar:/Users/nbugliot/.m2/repository/org/openjfx/javafx-graphics/11/javafx-graphics-11-linux.jar:/Users/nbugliot/.m2/repository/org/openjfx/javafx-fxml/11/javafx-fxml-11.jar:/Users/nbugliot/.m2/repository/org/openjfx/javafx-fxml/11/javafx-fxml-11-mac.jar:/Users/nbugliot/.m2/repository/org/junit/jupiter/junit-jupiter-api/5.4.2/junit-jupiter-api-5.4.2.jar:/Users/nbugliot/.m2/repository/org/apiguardian/apiguardian-api/1.0.0/apiguardian-api-1.0.0.jar:/Users/nbugliot/.m2/repository/org/opentest4j/opentest4j/1.1.1/opentest4j-1.1.1.jar:/Users/nbugliot/.m2/repository/org/junit/platform/junit-platform-commons/1.4.2/junit-platform-commons-1.4.2.jar:/Users/nbugliot/.m2/repository/org/junit/jupiter/junit-jupiter-engine/5.4.2/junit-jupiter-engine-5.4.2.jar:/Users/nbugliot/.m2/repository/org/junit/platform/junit-platform-engine/1.4.2/junit-platform-engine-1.4.2.jar:/Users/nbugliot/.m2/repository/org/junit/vintage/junit-vintage-engine/5.3.1/junit-vintage-engine-5.3.1.jar:/Users/nbugliot/.m2/repository/junit/junit/4.12/junit-4.12.jar:/Users/nbugliot/.m2/repository/org/hamcrest/hamcrest-core/1.3/hamcrest-core-1.3.jar:/Users/nbugliot/.m2/repository/org/mockito/mockito-core/2.21.0/mockito-core-2.21.0.jar:/Users/nbugliot/.m2/repository/net/bytebuddy/byte-buddy/1.8.15/byte-buddy-1.8.15.jar:/Users/nbugliot/.m2/repository/net/bytebuddy/byte-buddy-agent/1.8.15/byte-buddy-agent-1.8.15.jar:/Users/nbugliot/.m2/repository/org/objenesis/objenesis/2.6/objenesis-2.6.jar:/Users/nbugliot/.m2/repository/org/mockito/mockito-junit-jupiter/2.23.0/mockito-junit-jupiter-2.23.0.jar:"/>
    <property name="java.vm.vendor" value="Azul Systems, Inc."/>
    <property name="sun.arch.data.model" value="64"/>
    <property name="java.vendor.url" value="http://www.azulsystems.com/"/>
    <property name="user.timezone" value=""/>
    <property name="java.vm.specification.version" value="11"/>
    <property name="os.name" value="Mac OS X"/>
    <property name="sun.java.launcher" value="SUN_STANDARD"/>
    <property name="user.country" value="AR"/>
    <property name="sun.boot.library.path" value="/Users/nbugliot/.sdkman/candidates/java/11.0.2-zulufx/lib"/>
    <property name="sun.java.command" value="/Users/nbugliot/Documents/Facultad/Algoritmos-3/7507-TP2/target/surefire/surefirebooter14432512651536021441.jar /Users/nbugliot/Documents/Facultad/Algoritmos-3/7507-TP2/target/surefire 2019-11-20T22-08-09_788-jvmRun1 surefire7601705056861355123tmp surefire_08023881460099123126tmp"/>
    <property name="http.nonProxyHosts" value="local|*.local|169.254/16|*.169.254/16"/>
    <property name="jdk.debug" value="release"/>
    <property name="surefire.test.class.path" value="/Users/nbugliot/Documents/Facultad/Algoritmos-3/7507-TP2/target/test-classes:/Users/nbugliot/Documents/Facultad/Algoritmos-3/7507-TP2/target/classes:/Users/nbugliot/.m2/repository/org/openjfx/javafx-controls/11/javafx-controls-11.jar:/Users/nbugliot/.m2/repository/org/openjfx/javafx-controls/11/javafx-controls-11-mac.jar:/Users/nbugliot/.m2/repository/org/openjfx/javafx-graphics/11/javafx-graphics-11.jar:/Users/nbugliot/.m2/repository/org/openjfx/javafx-media/11/javafx-media-11-win.jar:/Users/nbugliot/.m2/repository/org/openjfx/javafx-media/11/javafx-media-11-mac.jar:/Users/nbugliot/.m2/repository/org/openjfx/javafx-media/11/javafx-media-11-linux.jar:/Users/nbugliot/.m2/repository/org/openjfx/javafx-graphics/11/javafx-graphics-11-win.jar:/Users/nbugliot/.m2/repository/org/openjfx/javafx-base/11/javafx-base-11.jar:/Users/nbugliot/.m2/repository/org/openjfx/javafx-base/11/javafx-base-11-mac.jar:/Users/nbugliot/.m2/repository/org/openjfx/javafx-graphics/11/javafx-graphics-11-mac.jar:/Users/nbugliot/.m2/repository/org/openjfx/javafx-graphics/11/javafx-graphics-11-linux.jar:/Users/nbugliot/.m2/repository/org/openjfx/javafx-fxml/11/javafx-fxml-11.jar:/Users/nbugliot/.m2/repository/org/openjfx/javafx-fxml/11/javafx-fxml-11-mac.jar:/Users/nbugliot/.m2/repository/org/junit/jupiter/junit-jupiter-api/5.4.2/junit-jupiter-api-5.4.2.jar:/Users/nbugliot/.m2/repository/org/apiguardian/apiguardian-api/1.0.0/apiguardian-api-1.0.0.jar:/Users/nbugliot/.m2/repository/org/opentest4j/opentest4j/1.1.1/opentest4j-1.1.1.jar:/Users/nbugliot/.m2/repository/org/junit/platform/junit-platform-commons/1.4.2/junit-platform-commons-1.4.2.jar:/Users/nbugliot/.m2/repository/org/junit/jupiter/junit-jupiter-engine/5.4.2/junit-jupiter-engine-5.4.2.jar:/Users/nbugliot/.m2/repository/org/junit/platform/junit-platform-engine/1.4.2/junit-platform-engine-1.4.2.jar:/Users/nbugliot/.m2/repository/org/junit/vintage/junit-vintage-engine/5.3.1/junit-vintage-engine-5.3.1.jar:/Users/nbugliot/.m2/repository/junit/junit/4.12/junit-4.12.jar:/Users/nbugliot/.m2/repository/org/hamcrest/hamcrest-core/1.3/hamcrest-core-1.3.jar:/Users/nbugliot/.m2/repository/org/mockito/mockito-core/2.21.0/mockito-core-2.21.0.jar:/Users/nbugliot/.m2/repository/net/bytebuddy/byte-buddy/1.8.15/byte-buddy-1.8.15.jar:/Users/nbugliot/.m2/repository/net/bytebuddy/byte-buddy-agent/1.8.15/byte-buddy-agent-1.8.15.jar:/Users/nbugliot/.m2/repository/org/objenesis/objenesis/2.6/objenesis-2.6.jar:/Users/nbugliot/.m2/repository/org/mockito/mockito-junit-jupiter/2.23.0/mockito-junit-jupiter-2.23.0.jar:"/>
    <property name="sun.cpu.endian" value="little"/>
    <property name="user.home" value="/Users/nbugliot"/>
    <property name="user.language" value="es"/>
    <property name="java.specification.vendor" value="Oracle Corporation"/>
    <property name="java.version.date" value="2019-01-15"/>
    <property name="java.home" value="/Users/nbugliot/.sdkman/candidates/java/11.0.2-zulufx"/>
    <property name="file.separator" value="/"/>
    <property name="basedir" value="/Users/nbugliot/Documents/Facultad/Algoritmos-3/7507-TP2"/>
    <property name="java.vm.compressedOopsMode" value="Zero based"/>
    <property name="line.separator" value="&#10;"/>
    <property name="java.specification.name" value="Java Platform API Specification"/>
    <property name="java.vm.specification.vendor" value="Oracle Corporation"/>
    <property name="java.awt.graphicsenv" value="sun.awt.CGraphicsEnvironment"/>
    <property name="surefire.real.class.path" value="/Users/nbugliot/Documents/Facultad/Algoritmos-3/7507-TP2/target/surefire/surefirebooter14432512651536021441.jar"/>
    <property name="sun.management.compiler" value="HotSpot 64-Bit Tiered Compilers"/>
    <property name="ftp.nonProxyHosts" value="local|*.local|169.254/16|*.169.254/16"/>
    <property name="java.runtime.version" value="11.0.2+7-LTS"/>
    <property name="user.name" value="nbugliot"/>
    <property name="path.separator" value=":"/>
    <property name="os.version" value="10.14.6"/>
    <property name="java.runtime.name" value="OpenJDK Runtime Environment"/>
    <property name="file.encoding" value="US-ASCII"/>
    <property name="java.vm.name" value="OpenJDK 64-Bit Server VM"/>
    <property name="java.vendor.version" value="Zulu11.29+3-CA"/>
    <property name="localRepository" value="/Users/nbugliot/.m2/repository"/>
    <property name="java.vendor.url.bug" value="http://www.azulsystems.com/support/"/>
    <property name="java.io.tmpdir" value="/var/folders/2y/31x17pqd4t512h3f94xr30r8brc7m4/T/"/>
    <property name="java.version" value="11.0.2"/>
    <property name="user.dir" value="/Users/nbugliot/Documents/Facultad/Algoritmos-3/7507-TP2"/>
    <property name="os.arch" value="x86_64"/>
    <property name="java.vm.specification.name" value="Java Virtual Machine Specification"/>
    <property name="java.awt.printerjob" value="sun.lwawt.macosx.CPrinterJob"/>
    <property name="sun.os.patch.level" value="unknown"/>
    <property name="java.library.path" value="/Users/nbugliot/Library/Java/Extensions:/Library/Java/Extensions:/Network/Library/Java/Extensions:/System/Library/Java/Extensions:/usr/lib/java:."/>
    <property name="java.vendor" value="Azul Systems, Inc."/>
    <property name="java.vm.info" value="mixed mode"/>
    <property name="java.vm.version" value="11.0.2+7-LTS"/>
    <property name="sun.io.unicode.encoding" value="UnicodeBig"/>
    <property name="java.class.version" value="55.0"/>
    <property name="socksNonProxyHosts" value="local|*.local|169.254/16|*.169.254/16"/>
  </properties>
  <testcase name="Test04RiderUsesSwordWhenNoAlliesAndEnemiesArround" classname="test.RiderTests" time="0.066">
    <failure message="expected: &lt;0&gt; but was: &lt;5&gt;" type="org.opentest4j.AssertionFailedError"><![CDATA[org.opentest4j.AssertionFailedError: expected: <0> but was: <5>
	at test.RiderTests.Test04RiderUsesSwordWhenNoAlliesAndEnemiesArround(RiderTests.java:113)
]]></failure>
  </testcase>
  <testcase name="Test03RiderUsesBowWhenNextToAlliedInfantryAndEnemies" classname="test.RiderTests" time="0"/>
  <testcase name="Test02RiderUsesBowWhenNextToAlliedInfantry" classname="test.RiderTests" time="0.001"/>
  <testcase name="Test05RiderCantAttackFarAwayEnemyWhenNoAlliesAndEnemiesArround" classname="test.RiderTests" time="0.059"/>
  <testcase name="Test01RiderUsesBowWhenAlone" classname="test.RiderTests" time="0.006"/>
</testsuite>